\BOOKMARK [0][-]{chapter.1}{\376\377\000I\000n\000t\000r\000o\000d\000u\000c\000c\000i\000\363\000n}{}% 1
\BOOKMARK [0][-]{chapter.2}{\376\377\000P\000r\000o\000b\000a\000r\000\040\000e\000l\000\040\000s\000e\000r\000v\000i\000c\000i\000o\000\040\000d\000e\000\040\000I\000A}{}% 2
\BOOKMARK [1][-]{section.2.1}{\376\377\000P\000r\000u\000e\000b\000a\000\040\000b\000\341\000s\000i\000c\000a\000\040\000c\000o\000n\000\040\000c\000u\000r\000l}{chapter.2}% 3
\BOOKMARK [1][-]{section.2.2}{\376\377\000P\000r\000u\000e\000b\000a\000\040\000o\000r\000i\000e\000n\000t\000a\000d\000a\000\040\000a\000\040\000p\000l\000o\000t\000n\000i\000n\000e}{chapter.2}% 4
\BOOKMARK [0][-]{chapter.3}{\376\377\000E\000x\000p\000e\000r\000i\000m\000e\000n\000t\000a\000r\000\040\000c\000o\000n\000\040\000l\000o\000s\000\040\000p\000r\000o\000m\000p\000t\000s}{}% 5
\BOOKMARK [0][-]{chapter.4}{\376\377\000C\000h\000e\000c\000k\000s\000\040\000d\000e\000\040\000c\000a\000l\000i\000d\000a\000d\000\040\000e\000n\000\040\000D\000a\000g\000s\000t\000e\000r}{}% 6
\BOOKMARK [1][-]{section.4.1}{\376\377\000C\000h\000e\000c\000k\000s\000\040\000d\000e\000\040\000l\000a\000\040\000p\000r\000\341\000c\000t\000i\000c\000a\000\040\000a\000n\000t\000e\000r\000i\000o\000r}{chapter.4}% 7
\BOOKMARK [1][-]{section.4.2}{\376\377\000N\000u\000e\000v\000o\000s\000\040\000c\000h\000e\000c\000k\000s\000\040\000p\000a\000r\000a\000\040\000e\000l\000\040\000p\000i\000p\000e\000l\000i\000n\000e\000\040\000d\000e\000\040\000g\000e\000n\000e\000r\000a\000c\000i\000\363\000n\000\040\000c\000o\000n\000\040\000I\000A}{chapter.4}% 8
\BOOKMARK [2][-]{subsection.4.2.1}{\376\377\000C\000h\000e\000c\000k\000\040\000d\000e\000\040\000s\000i\000n\000t\000a\000x\000i\000s\000\040\000P\000y\000t\000h\000o\000n\000\040\000v\000\341\000l\000i\000d\000a}{section.4.2}% 9
\BOOKMARK [2][-]{subsection.4.2.2}{\376\377\000C\000h\000e\000c\000k\000\040\000d\000e\000\040\000p\000r\000e\000s\000e\000n\000c\000i\000a\000\040\000d\000e\000\040\000g\000e\000n\000e\000r\000a\000r\000\137\000p\000l\000o\000t}{section.4.2}% 10
\BOOKMARK [2][-]{subsection.4.2.3}{\376\377\000C\000h\000e\000c\000k\000\040\000d\000e\000\040\000e\000x\000i\000s\000t\000e\000n\000c\000i\000a\000\040\000d\000e\000l\000\040\000f\000i\000c\000h\000e\000r\000o\000\040\000P\000N\000G}{section.4.2}% 11
\BOOKMARK [1][-]{section.4.3}{\376\377\000R\000e\000s\000u\000m\000e\000n\000\040\000c\000o\000m\000p\000l\000e\000t\000o\000\040\000d\000e\000\040\000c\000h\000e\000c\000k\000s}{chapter.4}% 12
\BOOKMARK [0][-]{chapter.5}{\376\377\000I\000n\000t\000e\000g\000r\000a\000c\000i\000\363\000n\000\040\000e\000n\000\040\000e\000l\000\040\000p\000r\000o\000y\000e\000c\000t\000o\000\040\000d\000e\000\040\000r\000e\000n\000t\000a\000s}{}% 13
\BOOKMARK [1][-]{section.5.1}{\376\377\000E\000s\000t\000r\000u\000c\000t\000u\000r\000a\000\040\000d\000e\000l\000\040\000p\000r\000o\000y\000e\000c\000t\000o}{chapter.5}% 14
\BOOKMARK [1][-]{section.5.2}{\376\377\000F\000i\000c\000h\000e\000r\000o\000\040\000d\000e\000f\000i\000n\000i\000t\000i\000o\000n\000s\000.\000p\000y}{chapter.5}% 15
\BOOKMARK [1][-]{section.5.3}{\376\377\000A\000s\000s\000e\000t\000\040\000d\000e\000\040\000i\000n\000g\000e\000s\000t\000a\000\040\000\050\000i\000s\000l\000a\000s\000\137\000r\000a\000w\000\051}{chapter.5}% 16
\BOOKMARK [1][-]{section.5.4}{\376\377\000A\000s\000s\000e\000t\000\040\000d\000e\000\040\000p\000l\000a\000n\000t\000i\000l\000l\000a\000\040\000I\000A\000\040\000\050\000t\000e\000m\000p\000l\000a\000t\000e\000\137\000i\000a\000\051}{chapter.5}% 17
\BOOKMARK [1][-]{section.5.5}{\376\377\000A\000s\000s\000e\000t\000\040\000d\000e\000\040\000g\000e\000n\000e\000r\000a\000c\000i\000\363\000n\000\040\000\050\000c\000o\000d\000i\000g\000o\000\137\000g\000e\000n\000e\000r\000a\000d\000o\000\137\000i\000a\000\051}{chapter.5}% 18
\BOOKMARK [1][-]{section.5.6}{\376\377\000A\000s\000s\000e\000t\000\040\000d\000e\000\040\000v\000i\000s\000u\000a\000l\000i\000z\000a\000c\000i\000\363\000n\000\040\000\050\000v\000i\000s\000u\000a\000l\000i\000z\000a\000c\000i\000o\000n\000\137\000p\000n\000g\000\051}{chapter.5}% 19
\BOOKMARK [0][-]{chapter.6}{\376\377\000D\000e\000s\000p\000l\000i\000e\000g\000u\000e\000\040\000c\000o\000n\000\040\000G\000i\000t\000H\000u\000b\000\040\000P\000a\000g\000e\000s}{}% 20
\BOOKMARK [1][-]{section.6.1}{\376\377\000C\000o\000n\000f\000i\000g\000u\000r\000a\000c\000i\000\363\000n\000\040\000d\000e\000\040\000G\000i\000t\000H\000u\000b\000\040\000P\000a\000g\000e\000s}{chapter.6}% 21
\BOOKMARK [1][-]{section.6.2}{\376\377\000A\000u\000t\000o\000m\000a\000t\000i\000z\000a\000c\000i\000\363\000n\000\040\000d\000e\000l\000\040\000p\000u\000s\000h}{chapter.6}% 22
\BOOKMARK [0][-]{chapter.7}{\376\377\000M\000a\000p\000a\000\040\000c\000o\000r\000o\000p\000l\000\351\000t\000i\000c\000o\000\040\000d\000e\000\040\000r\000e\000n\000t\000a\000s\000\040\000p\000o\000r\000\040\000m\000u\000n\000i\000c\000i\000p\000i\000o}{}% 23
\BOOKMARK [1][-]{section.7.1}{\376\377\000M\000a\000p\000a\000\040\000c\000o\000n\000\040\000p\000l\000o\000t\000n\000i\000n\000e\000\040\000y\000\040\000G\000e\000o\000P\000a\000n\000d\000a\000s}{chapter.7}% 24
\BOOKMARK [1][-]{section.7.2}{\376\377\000M\000a\000p\000a\000\040\000c\000o\000n\000\040\000P\000o\000w\000e\000r\000\040\000B\000I}{chapter.7}% 25
\BOOKMARK [2][-]{subsection.7.2.1}{\376\377\000P\000r\000e\000p\000a\000r\000a\000c\000i\000\363\000n\000\040\000d\000e\000\040\000g\000e\000o\000m\000e\000t\000r\000\355\000a\000s\000\040\000y\000\040\000d\000a\000t\000o\000s}{section.7.2}% 26
\BOOKMARK [2][-]{subsection.7.2.2}{\376\377\000C\000o\000n\000f\000i\000g\000u\000r\000a\000c\000i\000\363\000n\000\040\000d\000e\000l\000\040\000e\000n\000t\000o\000r\000n\000o\000\040\000y\000\040\000v\000a\000r\000i\000a\000b\000l\000e\000s}{section.7.2}% 27
\BOOKMARK [0][-]{chapter.8}{\376\377\000A\000u\000t\000o\000m\000a\000t\000i\000z\000a\000c\000i\000\363\000n\000\040\000c\000o\000n\000\040\000s\000e\000n\000s\000o\000r\000e\000s}{}% 28
\BOOKMARK [1][-]{section.8.1}{\376\377\000I\000m\000p\000l\000e\000m\000e\000n\000t\000a\000c\000i\000\363\000n\000\040\000d\000e\000l\000\040\000s\000e\000n\000s\000o\000r}{chapter.8}% 29
\BOOKMARK [2][-]{subsection.8.1.1}{\376\377\000D\000e\000f\000i\000n\000i\000c\000i\000\363\000n\000\040\000d\000e\000l\000\040\000J\000o\000b}{section.8.1}% 30
\BOOKMARK [2][-]{subsection.8.1.2}{\376\377\000L\000\363\000g\000i\000c\000a\000\040\000d\000e\000l\000\040\000s\000e\000n\000s\000o\000r}{section.8.1}% 31
\BOOKMARK [1][-]{section.8.2}{\376\377\000R\000e\000g\000i\000s\000t\000r\000o\000\040\000e\000n\000\040\000d\000e\000f\000i\000n\000i\000t\000i\000o\000n\000s\000.\000p\000y}{chapter.8}% 32
\BOOKMARK [1][-]{section.8.3}{\376\377\000F\000u\000n\000c\000i\000o\000n\000a\000m\000i\000e\000n\000t\000o\000\040\000e\000n\000\040\000l\000a\000\040\000i\000n\000t\000e\000r\000f\000a\000z\000\040\000d\000e\000\040\000D\000a\000g\000s\000t\000e\000r}{chapter.8}% 33
\BOOKMARK [0][-]{chapter.9}{\376\377\000E\000n\000l\000a\000c\000e\000\040\000a\000l\000\040\000r\000e\000p\000o\000s\000i\000t\000o\000r\000i\000o\000\040\000d\000e\000\040\000G\000i\000t\000H\000u\000b}{}% 34
